Cocos2d: 
<dict>
	cocos2d.x.version: quick-cocos2d-x 2.2.4
	cocos2d.x.compiled_with_profiler: false
	cocos2d.x.compiled_with_gl_state_cache: true
	gl.vendor: Intel Inc.
	gl.renderer: Intel Iris OpenGL Engine
	gl.version: 2.1 INTEL-8.26.34
	gl.max_texture_size: 16384
	gl.max_texture_units: 16
	gl.supports_PVRTC: false
	gl.supports_NPOT: true
	gl.supports_BGRA8888: false
	gl.supports_discard_framebuffer: false
	gl.supports_vertex_array_object: true
</dict>
Cocos2d: lua_loadChunksFromZIP() - load zip file: /Users/wangshaopei/Documents/work_sanguo/code(trunk)/3rd/quick-cocos2d-x/lib/framework_precompiled/framework_precompiled.zip
Cocos2d: lua_loadChunksFromZIP() - loaded chunks count: 108
Cocos2d: ------------------------------------------------
Cocos2d: LOAD LUA FILE: /Users/wangshaopei/Documents/work_sanguo/code(trunk)/game/scripts/main.lua
Cocos2d: ------------------------------------------------
Cocos2d: [0.0244] [INFO] 
Cocos2d: [0.0245] [INFO] # DEBUG                        = 1
Cocos2d: [0.0245] [INFO] #
Cocos2d: [0.0245] [INFO] # device.platform              = mac
Cocos2d: [0.0245] [INFO] # device.model                 = unknown
Cocos2d: [0.0245] [INFO] # device.language              = cn
Cocos2d: [0.0245] [INFO] # device.writablePath          = /Users/wangshaopei/Documents/work_sanguo/code(trunk)/game/
Cocos2d: [0.0245] [INFO] # device.cachePath             = /Users/wangshaopei/Documents/work_sanguo/code(trunk)/game/
Cocos2d: [0.0245] [INFO] # device.directorySeparator    = /
Cocos2d: [0.0245] [INFO] # device.pathSeparator         = :
Cocos2d: [0.0245] [INFO] #
Cocos2d: [0.0257] [INFO] # CONFIG_SCREEN_AUTOSCALE      = FIXED_HEIGHT
Cocos2d: [0.0257] [INFO] # CONFIG_SCREEN_WIDTH          = 960.00
Cocos2d: [0.0257] [INFO] # CONFIG_SCREEN_HEIGHT         = 640.00
Cocos2d: [0.0257] [INFO] # display.widthInPixels        = 960.00
Cocos2d: [0.0257] [INFO] # display.heightInPixels       = 640.00
Cocos2d: [0.0258] [INFO] # display.contentScaleFactor   = 1.00
Cocos2d: [0.0258] [INFO] # display.width                = 960.00
Cocos2d: [0.0258] [INFO] # display.height               = 640.00
Cocos2d: [0.0258] [INFO] # display.cx                   = 480.00
Cocos2d: [0.0258] [INFO] # display.cy                   = 320.00
Cocos2d: [0.0258] [INFO] # display.left                 = 0.00
Cocos2d: [0.0258] [INFO] # display.right                = 960.00
Cocos2d: [0.0258] [INFO] # display.top                  = 640.00
Cocos2d: [0.0258] [INFO] # display.bottom               = 0.00
Cocos2d: [0.0258] [INFO] # display.c_left               = -480.00
Cocos2d: [0.0258] [INFO] # display.c_right              = 480.00
Cocos2d: [0.0258] [INFO] # display.c_top                = 320.00
Cocos2d: [0.0258] [INFO] # display.c_bottom             = -320.00
Cocos2d: [0.0258] [INFO] #
Cocos2d: [0.0268] # CHANNEL_ID                   = projX
Cocos2d: [0.0268] # CHANNEL_GROUP                = projX
Cocos2d: lua_loadChunksFromZIP() - load zip file: /Users/wangshaopei/Documents/work_sanguo/code(trunk)/game/res/framework_precompiled.zip
Cocos2d: lua_loadChunksFromZIP() - loaded chunks count: 108
Cocos2d: lua_loadChunksFromZIP() - not found or invalid zip file: /Users/wangshaopei/Documents/work_sanguo/code(trunk)/game/res/game.zip
Cocos2d: [1.7159] # -------------------updateBegin-------------------
Cocos2d: [2.2798] /Users/wangshaopei/Documents/work_sanguo/code(trunk)/game/userinfo.txt    
Cocos2d: [2.2830] # ---------------------appentryOk-------------------
